<?xml version="1.0" encoding="UTF-8"?>
<testsuite xmlns:xsi="http://www.w3.org/2001/XMLSchema-instance" xsi:noNamespaceSchemaLocation="https://maven.apache.org/surefire/maven-surefire-plugin/xsd/surefire-test-report-3.0.xsd" version="3.0" name="TestSuite" time="52.581" tests="12" errors="0" skipped="0" failures="0">
  <properties>
[...]
</properties>
  <testcase name="LoadPage_VerifyPageIsLoaded" classname="LambdaTest.LambdaTest.LTNavigationBasicTest" time="2.202">
    <system-err><![CDATA[Aug 29, 2021 6:23:40 PM org.openqa.selenium.remote.ProtocolHandshake createSession
INFO: Detected dialect: W3C
Aug 29, 2021 6:23:43 PM org.openqa.selenium.remote.ProtocolHandshake createSession
INFO: Detected dialect: W3C
]]></system-err>
  </testcase>
  <testcase name="LoadPage_VerifyPageIsLoaded" classname="LambdaTest.LambdaTest.LTNavigationBasicTest" time="0.275"/>
  <testcase name="Scroll_To_SeeAllIntegration_VerifyURL" classname="LambdaTest.LambdaTest.LTNavigationBasicTest" time="6.482">
    <system-out><![CDATA[Window Handles: CDwindow-4AE0B5F6AE63E609C8552E4001E90F9C
Window Handles: CDwindow-CF2A7BF003078C48A954A6A1114EA837
https://www.lambdatest.com/integrations
]]></system-out>
  </testcase>
  <testcase name="Scroll_To_SeeAllIntegration_VerifyURL" classname="LambdaTest.LambdaTest.LTNavigationBasicTest" time="2.419">
    <system-out><![CDATA[Window Handles: CDwindow-51C04B897C1E63C52767277672FB69D0
Window Handles: CDwindow-0251BC439775F0FABA24B904C07FD55E
https://www.lambdatest.com/integrations
]]></system-out>
  </testcase>
  <testcase name="Scroll_To_CodeLess_VerifySelected" classname="LambdaTest.LambdaTest.LTNavigationBasicTest" time="3.641"/>
  <testcase name="Scroll_To_CodeLess_VerifySelected" classname="LambdaTest.LambdaTest.LTNavigationBasicTest" time="2.771"/>
  <testcase name="Click_On_LearnMore_VerifyTitle" classname="LambdaTest.LambdaTest.LTNavigationBasicTest" time="3.293">
    <system-out><![CDATA[Current Window Count: 1
]]></system-out>
  </testcase>
  <testcase name="Click_On_LearnMore_VerifyTitle" classname="LambdaTest.LambdaTest.LTNavigationBasicTest" time="3.786">
    <system-out><![CDATA[Current Window Count: 1
]]></system-out>
  </testcase>
  <testcase name="Navigate_To_Blog" classname="LambdaTest.LambdaTest.LTNavigationBasicTest" time="1.348"/>
  <testcase name="Navigate_To_Blog" classname="LambdaTest.LambdaTest.LTNavigationBasicTest" time="5.465"/>
  <testcase name="Click_On_Community_VerifyTitle" classname="LambdaTest.LambdaTest.LTNavigationBasicTest" time="1.854"/>
  <testcase name="Click_On_Community_VerifyTitle" classname="LambdaTest.LambdaTest.LTNavigationBasicTest" time="8.975"/>
</testsuite>