<?xml version="1.0" encoding="UTF-8"?>
<!-- Generated by org.testng.reporters.JUnitXMLReporter -->
<testsuite ignored="0" hostname="md2f9j9c" failures="0" tests="6" name="MicrosoftEdge" time="45.063" errors="0" timestamp="2021-08-29T17:37:00 IST">
  <testcase classname="LambdaTest.LambdaTest.LTNavigationBasicTest" name="LoadPage_VerifyPageIsLoaded" time="5.988"/>
  <testcase classname="LambdaTest.LambdaTest.LTNavigationBasicTest" name="Scroll_To_SeeAllIntegration_VerifyURL" time="7.447"/>
  <testcase classname="LambdaTest.LambdaTest.LTNavigationBasicTest" name="Scroll_To_CodeLess_VerifySelected" time="4.434"/>
  <testcase classname="LambdaTest.LambdaTest.LTNavigationBasicTest" name="Click_On_LearnMore_VerifyTitle" time="3.925"/>
  <testcase classname="LambdaTest.LambdaTest.LTNavigationBasicTest" name="Navigate_To_Blog" time="5.11"/>
  <testcase classname="LambdaTest.LambdaTest.LTNavigationBasicTest" name="Click_On_Community_VerifyTitle" time="8.192"/>
</testsuite> <!-- MicrosoftEdge -->
