<?xml version="1.0" encoding="UTF-8"?>
<!-- Generated by org.testng.reporters.JUnitXMLReporter -->
<testsuite ignored="0" hostname="md2f9j9c" failures="0" tests="6" name="Chrome" time="39.339" errors="0" timestamp="2021-08-29T18:24:13 IST">
  <testcase classname="LambdaTest.LambdaTest.LTNavigationBasicTest" name="LoadPage_VerifyPageIsLoaded" time="4.363"/>
  <testcase classname="LambdaTest.LambdaTest.LTNavigationBasicTest" name="Scroll_To_SeeAllIntegration_VerifyURL" time="6.479"/>
  <testcase classname="LambdaTest.LambdaTest.LTNavigationBasicTest" name="Scroll_To_CodeLess_VerifySelected" time="3.919"/>
  <testcase classname="LambdaTest.LambdaTest.LTNavigationBasicTest" name="Click_On_LearnMore_VerifyTitle" time="3.289"/>
  <testcase classname="LambdaTest.LambdaTest.LTNavigationBasicTest" name="Navigate_To_Blog" time="3.768"/>
  <testcase classname="LambdaTest.LambdaTest.LTNavigationBasicTest" name="Click_On_Community_VerifyTitle" time="8.411"/>
</testsuite> <!-- Chrome -->
